app/build/intermediates/manifest_merge_blame_file/debug/manifest-merger-blame-debug-report.txt
1<?xml version="1.0" encoding="utf-8"?>
2<manifest xmlns:android="http://schemas.android.com/apk/res/android"
3    package="com.example.pmdm_2324"
4    android:versionCode="1"
5    android:versionName="1.0" >
6
7    <uses-sdk
8        android:minSdkVersion="27"
9        android:targetSdkVersion="33" />
10
11    <permission
11-->[androidx.core:core:1.9.0] AndroidManifest.xml:22:5-24:47
12        android:name="com.example.pmdm_2324.DYNAMIC_RECEIVER_NOT_EXPORTED_PERMISSION"
12-->[androidx.core:core:1.9.0] AndroidManifest.xml:23:9-81
13        android:protectionLevel="signature" />
13-->[androidx.core:core:1.9.0] AndroidManifest.xml:24:9-44
14
15    <uses-permission android:name="com.example.pmdm_2324.DYNAMIC_RECEIVER_NOT_EXPORTED_PERMISSION" />
15-->[androidx.core:core:1.9.0] AndroidManifest.xml:26:5-97
15-->[androidx.core:core:1.9.0] AndroidManifest.xml:26:22-94
16
17    <application
17-->src\main\AndroidManifest.xml:5:5-227:19
18        android:allowBackup="true"
18-->src\main\AndroidManifest.xml:6:9-35
19        android:appComponentFactory="androidx.core.app.CoreComponentFactory"
19-->[androidx.core:core:1.9.0] AndroidManifest.xml:28:18-86
20        android:dataExtractionRules="@xml/data_extraction_rules"
20-->src\main\AndroidManifest.xml:7:9-65
21        android:debuggable="true"
22        android:extractNativeLibs="false"
23        android:fullBackupContent="@xml/backup_rules"
23-->src\main\AndroidManifest.xml:8:9-54
24        android:icon="@mipmap/ic_launcher"
24-->src\main\AndroidManifest.xml:9:9-43
25        android:label="@string/app_name"
25-->src\main\AndroidManifest.xml:10:9-41
26        android:roundIcon="@mipmap/ic_launcher_round"
26-->src\main\AndroidManifest.xml:11:9-54
27        android:supportsRtl="true"
27-->src\main\AndroidManifest.xml:12:9-35
28        android:testOnly="true"
29        android:theme="@style/Theme.PMDM_2324" >
29-->src\main\AndroidManifest.xml:13:9-47
30        <activity
30-->src\main\AndroidManifest.xml:15:9-23:20
31            android:name="com.example.pmdm_2324.ut04_Fragments.ut402MainMonstruoConFragments"
31-->src\main\AndroidManifest.xml:16:13-73
32            android:exported="true" >
32-->src\main\AndroidManifest.xml:17:13-36
33            <intent-filter>
33-->src\main\AndroidManifest.xml:18:13-22:29
34                <action android:name="android.intent.action.MAIN" />
34-->src\main\AndroidManifest.xml:19:17-69
34-->src\main\AndroidManifest.xml:19:25-66
35
36                <category android:name="android.intent.category.LAUNCHER" />
36-->src\main\AndroidManifest.xml:21:17-77
36-->src\main\AndroidManifest.xml:21:27-74
37            </intent-filter>
38        </activity>
39        <activity
39-->src\main\AndroidManifest.xml:24:9-32:20
40            android:name="com.example.pmdm_2324.ut04_Fragments.ut401MainBuenaPersona"
40-->src\main\AndroidManifest.xml:25:13-65
41            android:exported="true" >
41-->src\main\AndroidManifest.xml:26:13-36
42            <intent-filter>
42-->src\main\AndroidManifest.xml:18:13-22:29
43                <action android:name="android.intent.action.MAIN" />
43-->src\main\AndroidManifest.xml:19:17-69
43-->src\main\AndroidManifest.xml:19:25-66
44
45                <category android:name="android.intent.category.LAUNCHER" />
45-->src\main\AndroidManifest.xml:21:17-77
45-->src\main\AndroidManifest.xml:21:27-74
46            </intent-filter>
47        </activity>
48        <activity
48-->src\main\AndroidManifest.xml:33:9-41:20
49            android:name="com.example.pmdm_2324.ut04_Fragments.ut400MainCambiarColorImagenEstrella"
49-->src\main\AndroidManifest.xml:34:13-79
50            android:exported="true" >
50-->src\main\AndroidManifest.xml:35:13-36
51            <intent-filter>
51-->src\main\AndroidManifest.xml:18:13-22:29
52                <action android:name="android.intent.action.MAIN" />
52-->src\main\AndroidManifest.xml:19:17-69
52-->src\main\AndroidManifest.xml:19:25-66
53
54                <category android:name="android.intent.category.LAUNCHER" />
54-->src\main\AndroidManifest.xml:21:17-77
54-->src\main\AndroidManifest.xml:21:27-74
55            </intent-filter>
56        </activity>
57        <activity
57-->src\main\AndroidManifest.xml:42:9-50:20
58            android:name="com.example.pmdm_2324.ejerciciosBasicos.LanzadorFragment"
58-->src\main\AndroidManifest.xml:43:13-63
59            android:exported="true" >
59-->src\main\AndroidManifest.xml:44:13-36
60            <intent-filter>
60-->src\main\AndroidManifest.xml:18:13-22:29
61                <action android:name="android.intent.action.MAIN" />
61-->src\main\AndroidManifest.xml:19:17-69
61-->src\main\AndroidManifest.xml:19:25-66
62
63                <category android:name="android.intent.category.LAUNCHER" />
63-->src\main\AndroidManifest.xml:21:17-77
63-->src\main\AndroidManifest.xml:21:27-74
64            </intent-filter>
65        </activity>
66        <activity
66-->src\main\AndroidManifest.xml:51:9-59:20
67            android:name="com.example.pmdm_2324.ut03_PasosDeDatosEntreActividades.ut308MostrarMonstruo"
67-->src\main\AndroidManifest.xml:52:13-83
68            android:exported="true" >
68-->src\main\AndroidManifest.xml:53:13-36
69            <intent-filter>
69-->src\main\AndroidManifest.xml:18:13-22:29
70                <action android:name="android.intent.action.MAIN" />
70-->src\main\AndroidManifest.xml:19:17-69
70-->src\main\AndroidManifest.xml:19:25-66
71
72                <category android:name="android.intent.category.LAUNCHER" />
72-->src\main\AndroidManifest.xml:21:17-77
72-->src\main\AndroidManifest.xml:21:27-74
73            </intent-filter>
74        </activity>
75        <activity
75-->src\main\AndroidManifest.xml:60:9-68:20
76            android:name="com.example.pmdm_2324.ut03_PasosDeDatosEntreActividades.ut308MonstruoMain"
76-->src\main\AndroidManifest.xml:61:13-80
77            android:exported="true" >
77-->src\main\AndroidManifest.xml:62:13-36
78            <intent-filter>
78-->src\main\AndroidManifest.xml:18:13-22:29
79                <action android:name="android.intent.action.MAIN" />
79-->src\main\AndroidManifest.xml:19:17-69
79-->src\main\AndroidManifest.xml:19:25-66
80
81                <category android:name="android.intent.category.LAUNCHER" />
81-->src\main\AndroidManifest.xml:21:17-77
81-->src\main\AndroidManifest.xml:21:27-74
82            </intent-filter>
83        </activity>
84        <activity
84-->src\main\AndroidManifest.xml:69:9-77:20
85            android:name="com.example.pmdm_2324.ut03_PasosDeDatosEntreActividades.ut309MainIntentImplicito"
85-->src\main\AndroidManifest.xml:70:13-87
86            android:exported="true" >
86-->src\main\AndroidManifest.xml:71:13-36
87            <intent-filter>
87-->src\main\AndroidManifest.xml:18:13-22:29
88                <action android:name="android.intent.action.MAIN" />
88-->src\main\AndroidManifest.xml:19:17-69
88-->src\main\AndroidManifest.xml:19:25-66
89
90                <category android:name="android.intent.category.LAUNCHER" />
90-->src\main\AndroidManifest.xml:21:17-77
90-->src\main\AndroidManifest.xml:21:27-74
91            </intent-filter>
92        </activity>
93        <activity
93-->src\main\AndroidManifest.xml:78:9-80:40
94            android:name="com.example.pmdm_2324.ut03_PasosDeDatosEntreActividades.ut306ConversorTextoLetras"
94-->src\main\AndroidManifest.xml:79:13-88
95            android:exported="false" />
95-->src\main\AndroidManifest.xml:80:13-37
96        <activity
96-->src\main\AndroidManifest.xml:81:9-89:20
97            android:name="com.example.pmdm_2324.ut03_PasosDeDatosEntreActividades.ut306MainTextoContadorLetras"
97-->src\main\AndroidManifest.xml:82:13-91
98            android:exported="true" >
98-->src\main\AndroidManifest.xml:83:13-36
99            <intent-filter>
99-->src\main\AndroidManifest.xml:18:13-22:29
100                <action android:name="android.intent.action.MAIN" />
100-->src\main\AndroidManifest.xml:19:17-69
100-->src\main\AndroidManifest.xml:19:25-66
101
102                <category android:name="android.intent.category.LAUNCHER" />
102-->src\main\AndroidManifest.xml:21:17-77
102-->src\main\AndroidManifest.xml:21:27-74
103            </intent-filter>
104        </activity>
105        <activity
105-->src\main\AndroidManifest.xml:90:9-92:40
106            android:name="com.example.pmdm_2324.ut03_PasosDeDatosEntreActividades.ut307SelectorArmas"
106-->src\main\AndroidManifest.xml:91:13-81
107            android:exported="false" />
107-->src\main\AndroidManifest.xml:92:13-37
108        <activity
108-->src\main\AndroidManifest.xml:93:9-95:40
109            android:name="com.example.pmdm_2324.ut03_PasosDeDatosEntreActividades.ut307SelectorPersonajesJugador1"
109-->src\main\AndroidManifest.xml:94:13-94
110            android:exported="false" />
110-->src\main\AndroidManifest.xml:95:13-37
111        <activity
111-->src\main\AndroidManifest.xml:96:9-98:40
112            android:name="com.example.pmdm_2324.ut03_PasosDeDatosEntreActividades.ut307SelectorPersonajesJugador2"
112-->src\main\AndroidManifest.xml:97:13-94
113            android:exported="false" />
113-->src\main\AndroidManifest.xml:98:13-37
114        <activity
114-->src\main\AndroidManifest.xml:99:9-107:20
115            android:name="com.example.pmdm_2324.ut03_PasosDeDatosEntreActividades.ut307MetalSlugMain"
115-->src\main\AndroidManifest.xml:100:13-81
116            android:exported="true" >
116-->src\main\AndroidManifest.xml:101:13-36
117            <intent-filter>
117-->src\main\AndroidManifest.xml:18:13-22:29
118                <action android:name="android.intent.action.MAIN" />
118-->src\main\AndroidManifest.xml:19:17-69
118-->src\main\AndroidManifest.xml:19:25-66
119
120                <category android:name="android.intent.category.LAUNCHER" />
120-->src\main\AndroidManifest.xml:21:17-77
120-->src\main\AndroidManifest.xml:21:27-74
121            </intent-filter>
122        </activity>
123        <activity
123-->src\main\AndroidManifest.xml:108:9-110:40
124            android:name="com.example.pmdm_2324.ut03_PasosDeDatosEntreActividades.ut305SiguienteNumero"
124-->src\main\AndroidManifest.xml:109:13-83
125            android:exported="false" />
125-->src\main\AndroidManifest.xml:110:13-37
126        <activity
126-->src\main\AndroidManifest.xml:111:9-119:20
127            android:name="com.example.pmdm_2324.ut03_PasosDeDatosEntreActividades.ut305MainFibonacci"
127-->src\main\AndroidManifest.xml:112:13-81
128            android:exported="true" >
128-->src\main\AndroidManifest.xml:113:13-36
129            <intent-filter>
129-->src\main\AndroidManifest.xml:18:13-22:29
130                <action android:name="android.intent.action.MAIN" />
130-->src\main\AndroidManifest.xml:19:17-69
130-->src\main\AndroidManifest.xml:19:25-66
131
132                <category android:name="android.intent.category.LAUNCHER" />
132-->src\main\AndroidManifest.xml:21:17-77
132-->src\main\AndroidManifest.xml:21:27-74
133            </intent-filter>
134        </activity>
135        <activity
135-->src\main\AndroidManifest.xml:120:9-128:20
136            android:name="com.example.pmdm_2324.ut03_PasosDeDatosEntreActividades.ut304CambioNombre"
136-->src\main\AndroidManifest.xml:121:13-80
137            android:exported="true" >
137-->src\main\AndroidManifest.xml:122:13-36
138            <intent-filter>
138-->src\main\AndroidManifest.xml:18:13-22:29
139                <action android:name="android.intent.action.MAIN" />
139-->src\main\AndroidManifest.xml:19:17-69
139-->src\main\AndroidManifest.xml:19:25-66
140
141                <category android:name="android.intent.category.LAUNCHER" />
141-->src\main\AndroidManifest.xml:21:17-77
141-->src\main\AndroidManifest.xml:21:27-74
142            </intent-filter>
143        </activity>
144        <activity
144-->src\main\AndroidManifest.xml:129:9-131:39
145            android:name="com.example.pmdm_2324.ut03_PasosDeDatosEntreActividades.ut304AnonimoCambioNombre"
145-->src\main\AndroidManifest.xml:130:13-87
146            android:exported="true" />
146-->src\main\AndroidManifest.xml:131:13-36
147        <activity
147-->src\main\AndroidManifest.xml:132:9-134:40
148            android:name="com.example.pmdm_2324.ejerciciosBasicos.EjemploBAsicoIdaYVueltaLanzada"
148-->src\main\AndroidManifest.xml:133:13-77
149            android:exported="false" />
149-->src\main\AndroidManifest.xml:134:13-37
150        <activity
150-->src\main\AndroidManifest.xml:135:9-143:20
151            android:name="com.example.pmdm_2324.ejerciciosBasicos.EjemploBasicoIdaYVueltaLanza"
151-->src\main\AndroidManifest.xml:136:13-75
152            android:exported="true" >
152-->src\main\AndroidManifest.xml:137:13-36
153            <intent-filter>
153-->src\main\AndroidManifest.xml:18:13-22:29
154                <action android:name="android.intent.action.MAIN" />
154-->src\main\AndroidManifest.xml:19:17-69
154-->src\main\AndroidManifest.xml:19:25-66
155
156                <category android:name="android.intent.category.LAUNCHER" />
156-->src\main\AndroidManifest.xml:21:17-77
156-->src\main\AndroidManifest.xml:21:27-74
157            </intent-filter>
158        </activity>
159        <activity
159-->src\main\AndroidManifest.xml:144:9-146:40
160            android:name="com.example.pmdm_2324.ut03_PasosDeDatosEntreActividades.u303ResultadoHeladeria"
160-->src\main\AndroidManifest.xml:145:13-85
161            android:exported="false" />
161-->src\main\AndroidManifest.xml:146:13-37
162        <activity
162-->src\main\AndroidManifest.xml:147:9-155:20
163            android:name="com.example.pmdm_2324.ut03_PasosDeDatosEntreActividades.u303Heladeria"
163-->src\main\AndroidManifest.xml:148:13-76
164            android:exported="true" >
164-->src\main\AndroidManifest.xml:149:13-36
165            <intent-filter>
165-->src\main\AndroidManifest.xml:18:13-22:29
166                <action android:name="android.intent.action.MAIN" />
166-->src\main\AndroidManifest.xml:19:17-69
166-->src\main\AndroidManifest.xml:19:25-66
167
168                <category android:name="android.intent.category.LAUNCHER" />
168-->src\main\AndroidManifest.xml:21:17-77
168-->src\main\AndroidManifest.xml:21:27-74
169            </intent-filter>
170        </activity>
171        <activity
171-->src\main\AndroidManifest.xml:156:9-159:50
172            android:name="com.example.pmdm_2324.ut03_PasosDeDatosEntreActividades.ut302CalculadoraResultado"
172-->src\main\AndroidManifest.xml:157:13-88
173            android:exported="false"
173-->src\main\AndroidManifest.xml:158:13-37
174            android:screenOrientation="sensor" />
174-->src\main\AndroidManifest.xml:159:13-47
175        <activity
175-->src\main\AndroidManifest.xml:160:9-169:20
176            android:name="com.example.pmdm_2324.ut03_PasosDeDatosEntreActividades.ut302CalculadoraAvanzada"
176-->src\main\AndroidManifest.xml:161:13-87
177            android:exported="true"
177-->src\main\AndroidManifest.xml:162:13-36
178            android:screenOrientation="sensor" >
178-->src\main\AndroidManifest.xml:163:13-47
179            <intent-filter>
179-->src\main\AndroidManifest.xml:18:13-22:29
180                <action android:name="android.intent.action.MAIN" />
180-->src\main\AndroidManifest.xml:19:17-69
180-->src\main\AndroidManifest.xml:19:25-66
181
182                <category android:name="android.intent.category.LAUNCHER" />
182-->src\main\AndroidManifest.xml:21:17-77
182-->src\main\AndroidManifest.xml:21:27-74
183            </intent-filter>
184        </activity>
185        <activity
185-->src\main\AndroidManifest.xml:170:9-178:20
186            android:name="com.example.pmdm_2324.ut03_PasosDeDatosEntreActividades.u3MainaplicacionQueLanza"
186-->src\main\AndroidManifest.xml:171:13-87
187            android:exported="true" >
187-->src\main\AndroidManifest.xml:172:13-36
188            <intent-filter>
188-->src\main\AndroidManifest.xml:18:13-22:29
189                <action android:name="android.intent.action.MAIN" />
189-->src\main\AndroidManifest.xml:19:17-69
189-->src\main\AndroidManifest.xml:19:25-66
190
191                <category android:name="android.intent.category.LAUNCHER" />
191-->src\main\AndroidManifest.xml:21:17-77
191-->src\main\AndroidManifest.xml:21:27-74
192            </intent-filter>
193        </activity>
194        <activity
194-->src\main\AndroidManifest.xml:179:9-181:40
195            android:name="com.example.pmdm_2324.ut03_PasosDeDatosEntreActividades.u3AplicacionLanzada"
195-->src\main\AndroidManifest.xml:180:13-82
196            android:exported="false" />
196-->src\main\AndroidManifest.xml:181:13-37
197        <activity
197-->src\main\AndroidManifest.xml:182:9-190:20
198            android:name="com.example.pmdm_2324.ut01y02.PiedraPapelTijera"
198-->src\main\AndroidManifest.xml:183:13-54
199            android:exported="true" >
199-->src\main\AndroidManifest.xml:184:13-36
200            <intent-filter>
200-->src\main\AndroidManifest.xml:18:13-22:29
201                <action android:name="android.intent.action.MAIN" />
201-->src\main\AndroidManifest.xml:19:17-69
201-->src\main\AndroidManifest.xml:19:25-66
202
203                <category android:name="android.intent.category.LAUNCHER" />
203-->src\main\AndroidManifest.xml:21:17-77
203-->src\main\AndroidManifest.xml:21:27-74
204            </intent-filter>
205        </activity>
206        <activity
206-->src\main\AndroidManifest.xml:191:9-199:20
207            android:name="com.example.pmdm_2324.ut01y02.ut02_ej05_pedirCita"
207-->src\main\AndroidManifest.xml:192:13-56
208            android:exported="true" >
208-->src\main\AndroidManifest.xml:193:13-36
209            <intent-filter>
209-->src\main\AndroidManifest.xml:18:13-22:29
210                <action android:name="android.intent.action.MAIN" />
210-->src\main\AndroidManifest.xml:19:17-69
210-->src\main\AndroidManifest.xml:19:25-66
211
212                <category android:name="android.intent.category.LAUNCHER" />
212-->src\main\AndroidManifest.xml:21:17-77
212-->src\main\AndroidManifest.xml:21:27-74
213            </intent-filter>
214        </activity>
215        <activity
215-->src\main\AndroidManifest.xml:200:9-208:20
216            android:name="com.example.pmdm_2324.ut01y02.Propinatron2000"
216-->src\main\AndroidManifest.xml:201:13-52
217            android:exported="true" >
217-->src\main\AndroidManifest.xml:202:13-36
218            <intent-filter>
218-->src\main\AndroidManifest.xml:18:13-22:29
219                <action android:name="android.intent.action.MAIN" />
219-->src\main\AndroidManifest.xml:19:17-69
219-->src\main\AndroidManifest.xml:19:25-66
220
221                <category android:name="android.intent.category.LAUNCHER" />
221-->src\main\AndroidManifest.xml:21:17-77
221-->src\main\AndroidManifest.xml:21:27-74
222            </intent-filter>
223        </activity>
224        <activity
224-->src\main\AndroidManifest.xml:209:9-217:20
225            android:name="com.example.pmdm_2324.ut01y02.ut201_Colores"
225-->src\main\AndroidManifest.xml:210:13-50
226            android:exported="true" >
226-->src\main\AndroidManifest.xml:211:13-36
227            <intent-filter>
227-->src\main\AndroidManifest.xml:18:13-22:29
228                <action android:name="android.intent.action.MAIN" />
228-->src\main\AndroidManifest.xml:19:17-69
228-->src\main\AndroidManifest.xml:19:25-66
229
230                <category android:name="android.intent.category.LAUNCHER" />
230-->src\main\AndroidManifest.xml:21:17-77
230-->src\main\AndroidManifest.xml:21:27-74
231            </intent-filter>
232        </activity>
233        <activity
233-->src\main\AndroidManifest.xml:218:9-226:20
234            android:name="com.example.pmdm_2324.ut01y02.ut2_ej01_CajaRadioCheckTextoBoton"
234-->src\main\AndroidManifest.xml:219:13-70
235            android:exported="true" >
235-->src\main\AndroidManifest.xml:220:13-36
236            <intent-filter>
236-->src\main\AndroidManifest.xml:18:13-22:29
237                <action android:name="android.intent.action.MAIN" />
237-->src\main\AndroidManifest.xml:19:17-69
237-->src\main\AndroidManifest.xml:19:25-66
238
239                <category android:name="android.intent.category.LAUNCHER" />
239-->src\main\AndroidManifest.xml:21:17-77
239-->src\main\AndroidManifest.xml:21:27-74
240            </intent-filter>
241        </activity>
242
243        <provider
243-->[androidx.emoji2:emoji2:1.2.0] AndroidManifest.xml:24:9-32:20
244            android:name="androidx.startup.InitializationProvider"
244-->[androidx.emoji2:emoji2:1.2.0] AndroidManifest.xml:25:13-67
245            android:authorities="com.example.pmdm_2324.androidx-startup"
245-->[androidx.emoji2:emoji2:1.2.0] AndroidManifest.xml:26:13-68
246            android:exported="false" >
246-->[androidx.emoji2:emoji2:1.2.0] AndroidManifest.xml:27:13-37
247            <meta-data
247-->[androidx.emoji2:emoji2:1.2.0] AndroidManifest.xml:29:13-31:52
248                android:name="androidx.emoji2.text.EmojiCompatInitializer"
248-->[androidx.emoji2:emoji2:1.2.0] AndroidManifest.xml:30:17-75
249                android:value="androidx.startup" />
249-->[androidx.emoji2:emoji2:1.2.0] AndroidManifest.xml:31:17-49
250            <meta-data
250-->[androidx.lifecycle:lifecycle-process:2.4.1] AndroidManifest.xml:31:13-33:52
251                android:name="androidx.lifecycle.ProcessLifecycleInitializer"
251-->[androidx.lifecycle:lifecycle-process:2.4.1] AndroidManifest.xml:32:17-78
252                android:value="androidx.startup" />
252-->[androidx.lifecycle:lifecycle-process:2.4.1] AndroidManifest.xml:33:17-49
253        </provider>
254    </application>
255
256</manifest>